  Game.cpp
d:\dev\arithmenaughts\arithmenaughts\transformcomponent.h(6): warning C4099: 'TransformComponent': type name first seen using 'class' now seen using 'struct'
  d:\dev\arithmenaughts\arithmenaughts\transformcomponent.h(6): note: see declaration of 'TransformComponent'
d:\dev\arithmenaughts\arithmenaughts\animation.h(6): warning C4099: 'Animation': type name first seen using 'class' now seen using 'struct'
  d:\dev\arithmenaughts\arithmenaughts\animation.h(6): note: see declaration of 'Animation'
d:\dev\arithmenaughts\arithmenaughts\spritecomponent.h(12): warning C4099: 'Animation': type name first seen using 'struct' now seen using 'class'
  d:\dev\arithmenaughts\arithmenaughts\animation.h(6): note: see declaration of 'Animation'
d:\dev\arithmenaughts\arithmenaughts\collidercomponent.h(19): warning C4244: 'initializing': conversion from 'float' to 'int', possible loss of data
d:\dev\arithmenaughts\arithmenaughts\hero.h(35): warning C4244: 'initializing': conversion from 'double' to 'float', possible loss of data
d:\dev\arithmenaughts\arithmenaughts\source\game.h(89): warning C4091: 'static ': ignored on left of 'Game::phase_enum' when no variable is declared
d:\dev\arithmenaughts\arithmenaughts\source\game.cpp(100): warning C4244: 'argument': conversion from 'time_t' to 'unsigned int', possible loss of data
d:\dev\arithmenaughts\arithmenaughts\source\game.cpp(290): warning C4244: '-=': conversion from 'float' to 'int', possible loss of data
d:\dev\arithmenaughts\arithmenaughts\source\game.cpp(292): warning C4244: '-=': conversion from 'float' to 'int', possible loss of data
d:\dev\arithmenaughts\arithmenaughts\source\game.cpp(340): warning C4244: 'argument': conversion from 'int' to 'float', possible loss of data
d:\dev\arithmenaughts\arithmenaughts\source\game.cpp(352): warning C4244: 'argument': conversion from 'int' to 'float', possible loss of data
d:\dev\arithmenaughts\arithmenaughts\source\game.cpp(364): warning C4244: 'argument': conversion from 'int' to 'float', possible loss of data
d:\dev\arithmenaughts\arithmenaughts\source\game.cpp(376): warning C4244: 'argument': conversion from 'int' to 'float', possible loss of data
d:\dev\arithmenaughts\arithmenaughts\source\game.cpp(423): warning C4244: '=': conversion from 'const _Ty' to 'int', possible loss of data
          with
          [
              _Ty=float
          ]
d:\dev\arithmenaughts\arithmenaughts\source\game.cpp(424): warning C4244: '=': conversion from 'const _Ty' to 'int', possible loss of data
          with
          [
              _Ty=float
          ]
d:\dev\arithmenaughts\arithmenaughts\source\game.cpp(429): warning C4244: '=': conversion from 'double' to 'float', possible loss of data
d:\dev\arithmenaughts\arithmenaughts\source\game.cpp(430): warning C4244: '=': conversion from 'double' to 'float', possible loss of data
d:\dev\arithmenaughts\arithmenaughts\source\game.cpp(433): warning C4244: '=': conversion from 'double' to 'float', possible loss of data
d:\dev\arithmenaughts\arithmenaughts\source\game.cpp(434): warning C4244: '=': conversion from 'double' to 'float', possible loss of data
d:\dev\arithmenaughts\arithmenaughts\source\game.cpp(524): warning C4244: '=': conversion from 'int' to 'float', possible loss of data
d:\dev\arithmenaughts\arithmenaughts\source\game.cpp(525): warning C4244: '=': conversion from 'int' to 'float', possible loss of data
d:\dev\arithmenaughts\arithmenaughts\source\game.cpp(526): warning C4244: '=': conversion from 'int' to 'float', possible loss of data
d:\dev\arithmenaughts\arithmenaughts\source\game.cpp(527): warning C4244: '=': conversion from 'int' to 'float', possible loss of data
d:\dev\arithmenaughts\arithmenaughts\source\game.cpp(578): warning C4244: 'argument': conversion from 'int' to 'float', possible loss of data
d:\dev\arithmenaughts\arithmenaughts\source\game.cpp(582): warning C4244: 'argument': conversion from 'int' to 'float', possible loss of data
d:\dev\arithmenaughts\arithmenaughts\source\game.cpp(586): warning C4244: 'argument': conversion from 'int' to 'float', possible loss of data
d:\dev\arithmenaughts\arithmenaughts\source\game.cpp(590): warning C4244: 'argument': conversion from 'int' to 'float', possible loss of data
d:\dev\arithmenaughts\arithmenaughts\source\game.cpp(764): warning C4244: '=': conversion from 'float' to 'int', possible loss of data
d:\dev\arithmenaughts\arithmenaughts\ecs.h(79): warning C4244: 'argument': conversion from '_Ty' to 'int', possible loss of data
          with
          [
              _Ty=float
          ]
  d:\dev\arithmenaughts\arithmenaughts\source\game.cpp(197): note: see reference to function template instantiation 'T &Entity::addComponent<TransformComponent,float,float,float,float,int>(float &&,float &&,float &&,float &&,int &&)' being compiled
          with
          [
              T=TransformComponent
          ]
d:\dev\arithmenaughts\arithmenaughts\ecs.h(79): warning C4244: 'argument': conversion from '_Ty' to 'float', possible loss of data
          with
          [
              _Ty=int
          ]
  d:\dev\arithmenaughts\arithmenaughts\source\game.cpp(208): note: see reference to function template instantiation 'T &Entity::addComponent<TransformComponent,int,int,int,int,int>(int &&,int &&,int &&,int &&,int &&)' being compiled
          with
          [
              T=TransformComponent
          ]
d:\dev\arithmenaughts\arithmenaughts\ecs.h(79): warning C4244: 'argument': conversion from 'int' to 'float', possible loss of data
  d:\dev\arithmenaughts\arithmenaughts\source\game.cpp(302): note: see reference to function template instantiation 'T &Entity::addComponent<TransformComponent,int&,int&,int,int,int>(int &,int &,int &&,int &&,int &&)' being compiled
          with
          [
              T=TransformComponent
          ]
  Arithmenaughts.vcxproj -> D:\Dev\Arithmenaughts\x64\Debug\Arithmenaughts.exe
