d:\dev\arithmenaughts\arithmenaughts\x64\debug\vc141.pdb
d:\dev\arithmenaughts\arithmenaughts\x64\debug\vc141.idb
d:\dev\arithmenaughts\arithmenaughts\x64\debug\vector2d.obj
d:\dev\arithmenaughts\arithmenaughts\x64\debug\ecs.obj
d:\dev\arithmenaughts\arithmenaughts\x64\debug\collision.obj
d:\dev\arithmenaughts\arithmenaughts\x64\debug\main.obj
d:\dev\arithmenaughts\arithmenaughts\x64\debug\texturemanager.obj
d:\dev\arithmenaughts\arithmenaughts\x64\debug\gameobject.obj
d:\dev\arithmenaughts\arithmenaughts\x64\debug\game.obj
d:\dev\arithmenaughts\arithmenaughts\x64\debug\assetmanager.obj
d:\dev\arithmenaughts\arithmenaughts\x64\debug\map.obj
d:\dev\arithmenaughts\x64\debug\arithmenaughts.exe
d:\dev\arithmenaughts\x64\debug\arithmenaughts.ilk
d:\dev\arithmenaughts\x64\debug\arithmenaughts.pdb
d:\dev\arithmenaughts\arithmenaughts\x64\debug\arithmenaughts.tlog\cl.command.1.tlog
d:\dev\arithmenaughts\arithmenaughts\x64\debug\arithmenaughts.tlog\cl.read.1.tlog
d:\dev\arithmenaughts\arithmenaughts\x64\debug\arithmenaughts.tlog\cl.write.1.tlog
d:\dev\arithmenaughts\arithmenaughts\x64\debug\arithmenaughts.tlog\link.command.1.tlog
d:\dev\arithmenaughts\arithmenaughts\x64\debug\arithmenaughts.tlog\link.read.1.tlog
d:\dev\arithmenaughts\arithmenaughts\x64\debug\arithmenaughts.tlog\link.write.1.tlog
