d:\dev\arithmenaughts\mrl\x64\debug\vc141.pdb
d:\dev\arithmenaughts\mrl\x64\debug\vc141.idb
d:\dev\arithmenaughts\mrl\x64\debug\vector2d.obj
d:\dev\arithmenaughts\mrl\x64\debug\uilabel.obj
d:\dev\arithmenaughts\mrl\x64\debug\transformcomponent.obj
d:\dev\arithmenaughts\mrl\x64\debug\tilecomponent.obj
d:\dev\arithmenaughts\mrl\x64\debug\main.obj
d:\dev\arithmenaughts\mrl\x64\debug\game.obj
d:\dev\arithmenaughts\mrl\x64\debug\texturemanager.obj
d:\dev\arithmenaughts\mrl\x64\debug\statscomponent.obj
d:\dev\arithmenaughts\mrl\x64\debug\spritecomponent.obj
d:\dev\arithmenaughts\mrl\x64\debug\projectilecomponent.obj
d:\dev\arithmenaughts\mrl\x64\debug\hero.obj
d:\dev\arithmenaughts\mrl\x64\debug\map.obj
d:\dev\arithmenaughts\mrl\x64\debug\keyboardcontroller.obj
d:\dev\arithmenaughts\mrl\x64\debug\gameobject.obj
d:\dev\arithmenaughts\mrl\x64\debug\ecs.obj
d:\dev\arithmenaughts\mrl\x64\debug\collision.obj
d:\dev\arithmenaughts\mrl\x64\debug\collidercomponent.obj
d:\dev\arithmenaughts\mrl\x64\debug\assetmanager.obj
d:\dev\arithmenaughts\mrl\x64\debug\animation.obj
d:\dev\arithmenaughts\mrl\x64\debug\aicomponent.obj
d:\dev\arithmenaughts\x64\debug\mrl.exe
d:\dev\arithmenaughts\x64\debug\mrl.ilk
d:\dev\arithmenaughts\x64\debug\mrl.pdb
d:\dev\arithmenaughts\mrl\x64\debug\mapgen.obj
d:\dev\arithmenaughts\mrl\x64\debug\mrl.tlog\cl.command.1.tlog
d:\dev\arithmenaughts\mrl\x64\debug\mrl.tlog\cl.read.1.tlog
d:\dev\arithmenaughts\mrl\x64\debug\mrl.tlog\cl.write.1.tlog
d:\dev\arithmenaughts\mrl\x64\debug\mrl.tlog\link.command.1.tlog
d:\dev\arithmenaughts\mrl\x64\debug\mrl.tlog\link.read.1.tlog
d:\dev\arithmenaughts\mrl\x64\debug\mrl.tlog\link.write.1.tlog
