C:\Program Files (x86)\Microsoft Visual Studio\2017\Professional\Common7\IDE\VC\VCTargets\Microsoft.CppBuild.targets(391,5): warning MSB8028: The intermediate directory (x64\Debug\) contains files shared from another project (Arithmeknights.vcxproj, Arithmenaughts.vcxproj).  This can lead to incorrect clean and rebuild behavior.
  Game.cpp
d:\dev\arithmenaughts\mrl\transformcomponent.h(6): warning C4099: 'TransformComponent': type name first seen using 'class' now seen using 'struct'
  d:\dev\arithmenaughts\mrl\transformcomponent.h(6): note: see declaration of 'TransformComponent'
d:\dev\arithmenaughts\mrl\animation.h(6): warning C4099: 'Animation': type name first seen using 'class' now seen using 'struct'
  d:\dev\arithmenaughts\mrl\animation.h(6): note: see declaration of 'Animation'
d:\dev\arithmenaughts\mrl\spritecomponent.h(12): warning C4099: 'Animation': type name first seen using 'struct' now seen using 'class'
  d:\dev\arithmenaughts\mrl\animation.h(6): note: see declaration of 'Animation'
d:\dev\arithmenaughts\mrl\nameplatecomponent.h(12): warning C4099: 'Animation': type name first seen using 'struct' now seen using 'class'
  d:\dev\arithmenaughts\mrl\spritecomponent.h(12): note: see declaration of 'Animation'
d:\dev\arithmenaughts\mrl\hero.h(35): warning C4244: 'initializing': conversion from 'double' to 'float', possible loss of data
d:\dev\arithmenaughts\mrl\source\game.h(100): warning C4091: 'static ': ignored on left of 'Game::phase_enum' when no variable is declared
d:\dev\arithmenaughts\mrl\source\game.cpp(206): warning C4244: 'argument': conversion from 'int' to 'float', possible loss of data
d:\dev\arithmenaughts\mrl\source\game.cpp(211): warning C4244: 'argument': conversion from 'int' to 'float', possible loss of data
d:\dev\arithmenaughts\mrl\source\game.cpp(307): warning C4244: '+=': conversion from 'double' to 'float', possible loss of data
d:\dev\arithmenaughts\mrl\source\game.cpp(308): warning C4244: '+=': conversion from 'double' to 'float', possible loss of data
d:\dev\arithmenaughts\mrl\source\game.cpp(309): warning C4244: '+=': conversion from 'double' to 'float', possible loss of data
d:\dev\arithmenaughts\mrl\source\game.cpp(310): warning C4244: '+=': conversion from 'double' to 'float', possible loss of data
d:\dev\arithmenaughts\mrl\source\game.cpp(378): warning C4244: 'argument': conversion from 'int' to 'float', possible loss of data
d:\dev\arithmenaughts\mrl\source\game.cpp(392): warning C4244: 'argument': conversion from 'int' to 'float', possible loss of data
d:\dev\arithmenaughts\mrl\source\game.cpp(406): warning C4244: 'argument': conversion from 'int' to 'float', possible loss of data
d:\dev\arithmenaughts\mrl\source\game.cpp(420): warning C4244: 'argument': conversion from 'int' to 'float', possible loss of data
d:\dev\arithmenaughts\mrl\source\game.cpp(653): warning C4244: '=': conversion from 'int' to 'float', possible loss of data
d:\dev\arithmenaughts\mrl\source\game.cpp(654): warning C4244: '=': conversion from 'int' to 'float', possible loss of data
d:\dev\arithmenaughts\mrl\source\game.cpp(655): warning C4244: '=': conversion from 'int' to 'float', possible loss of data
d:\dev\arithmenaughts\mrl\source\game.cpp(656): warning C4244: '=': conversion from 'int' to 'float', possible loss of data
d:\dev\arithmenaughts\mrl\source\game.cpp(755): warning C4244: 'argument': conversion from 'int' to 'float', possible loss of data
d:\dev\arithmenaughts\mrl\source\game.cpp(759): warning C4244: 'argument': conversion from 'int' to 'float', possible loss of data
d:\dev\arithmenaughts\mrl\source\game.cpp(763): warning C4244: 'argument': conversion from 'int' to 'float', possible loss of data
d:\dev\arithmenaughts\mrl\source\game.cpp(767): warning C4244: 'argument': conversion from 'int' to 'float', possible loss of data
d:\dev\arithmenaughts\mrl\source\game.cpp(781): warning C4244: '=': conversion from 'int' to 'float', possible loss of data
d:\dev\arithmenaughts\mrl\source\game.cpp(793): warning C4244: '=': conversion from 'int' to 'float', possible loss of data
d:\dev\arithmenaughts\mrl\source\game.cpp(805): warning C4244: '=': conversion from 'int' to 'float', possible loss of data
d:\dev\arithmenaughts\mrl\source\game.cpp(817): warning C4244: '=': conversion from 'int' to 'float', possible loss of data
d:\dev\arithmenaughts\mrl\source\game.cpp(937): warning C4244: '=': conversion from 'float' to 'int', possible loss of data
d:\dev\arithmenaughts\mrl\source\game.cpp(938): warning C4244: '=': conversion from 'float' to 'int', possible loss of data
d:\dev\arithmenaughts\mrl\source\game.cpp(941): warning C4244: '=': conversion from 'double' to 'float', possible loss of data
d:\dev\arithmenaughts\mrl\source\game.cpp(942): warning C4244: '=': conversion from 'double' to 'float', possible loss of data
d:\dev\arithmenaughts\mrl\source\game.cpp(945): warning C4244: '=': conversion from 'double' to 'float', possible loss of data
d:\dev\arithmenaughts\mrl\source\game.cpp(946): warning C4244: '=': conversion from 'double' to 'float', possible loss of data
d:\dev\arithmenaughts\mrl\source\game.cpp(954): warning C4244: '=': conversion from 'const _Ty' to 'int', possible loss of data
          with
          [
              _Ty=float
          ]
d:\dev\arithmenaughts\mrl\source\game.cpp(955): warning C4244: '=': conversion from 'const _Ty' to 'int', possible loss of data
          with
          [
              _Ty=float
          ]
d:\dev\arithmenaughts\mrl\ecs.h(79): warning C4244: 'argument': conversion from '_Ty' to 'int', possible loss of data
          with
          [
              _Ty=float
          ]
  d:\dev\arithmenaughts\mrl\source\game.cpp(240): note: see reference to function template instantiation 'T &Entity::addComponent<TransformComponent,float,float,float,float,int>(float &&,float &&,float &&,float &&,int &&)' being compiled
          with
          [
              T=TransformComponent
          ]
d:\dev\arithmenaughts\mrl\ecs.h(79): warning C4244: 'argument': conversion from '_Ty' to 'float', possible loss of data
          with
          [
              _Ty=int
          ]
  d:\dev\arithmenaughts\mrl\source\game.cpp(250): note: see reference to function template instantiation 'T &Entity::addComponent<TransformComponent,int,int,int,int,int>(int &&,int &&,int &&,int &&,int &&)' being compiled
          with
          [
              T=TransformComponent
          ]
d:\dev\arithmenaughts\mrl\ecs.h(79): warning C4244: 'argument': conversion from 'int' to 'float', possible loss of data
d:\dev\arithmenaughts\mrl\ecs.h(79): warning C4244: 'argument': conversion from 'float' to 'int', possible loss of data
  d:\dev\arithmenaughts\mrl\source\game.cpp(712): note: see reference to function template instantiation 'T &Entity::addComponent<ColliderComponent,const char(&)[5],int,int,float&,float&,bool>(const char (&)[5],int &&,int &&,float &,float &,bool &&)' being compiled
          with
          [
              T=ColliderComponent
          ]
  MRL.vcxproj -> D:\Dev\Arithmenaughts\x64\Debug\MRL.exe
